#! /usr/bin/vvp
:ivl_version "10.1 (stable)";
:ivl_delay_selection "TYPICAL";
:vpi_time_precision + 0;
:vpi_module "system";
:vpi_module "vhdl_sys";
:vpi_module "v2005_math";
:vpi_module "va_math";
S_0x55e2e09c4530 .scope module, "test" "test" 2 1;
 .timescale 0 0;
v0x55e2e09efe80_0 .var "clk", 0 0;
v0x55e2e09eff40_0 .var "d", 1 0;
v0x55e2e09f0010_0 .var "en", 0 0;
v0x55e2e09f0110_0 .net "signal", 3 0, v0x55e2e09efd20_0;  1 drivers
S_0x55e2e09c46b0 .scope module, "new" "controller" 2 8, 3 1 0, S_0x55e2e09c4530;
 .timescale 0 0;
    .port_info 0 /INPUT 2 "d"
    .port_info 1 /INPUT 1 "clk"
    .port_info 2 /INPUT 1 "en"
    .port_info 3 /OUTPUT 4 "signal"
v0x55e2e0987bc0_0 .var "a", 0 0;
v0x55e2e09ef7e0_0 .var "b", 0 0;
v0x55e2e09ef8a0_0 .net "clk", 0 0, v0x55e2e09efe80_0;  1 drivers
v0x55e2e09ef970_0 .var/i "counta", 31 0;
v0x55e2e09efa50_0 .var/i "countb", 31 0;
v0x55e2e09efb80_0 .net "d", 1 0, v0x55e2e09eff40_0;  1 drivers
v0x55e2e09efc60_0 .net "en", 0 0, v0x55e2e09f0010_0;  1 drivers
v0x55e2e09efd20_0 .var "signal", 3 0;
E_0x55e2e09c4f10 .event posedge, v0x55e2e09ef8a0_0;
E_0x55e2e09bd350 .event negedge, v0x55e2e09efc60_0;
    .scope S_0x55e2e09c46b0;
T_0 ;
    %pushi/vec4 0, 0, 1;
    %store/vec4 v0x55e2e0987bc0_0, 0, 1;
    %end;
    .thread T_0;
    .scope S_0x55e2e09c46b0;
T_1 ;
    %pushi/vec4 0, 0, 1;
    %store/vec4 v0x55e2e09ef7e0_0, 0, 1;
    %end;
    .thread T_1;
    .scope S_0x55e2e09c46b0;
T_2 ;
    %pushi/vec4 0, 0, 32;
    %store/vec4 v0x55e2e09ef970_0, 0, 32;
    %end;
    .thread T_2;
    .scope S_0x55e2e09c46b0;
T_3 ;
    %pushi/vec4 0, 0, 32;
    %store/vec4 v0x55e2e09efa50_0, 0, 32;
    %end;
    .thread T_3;
    .scope S_0x55e2e09c46b0;
T_4 ;
    %wait E_0x55e2e09bd350;
    %load/vec4 v0x55e2e09efb80_0;
    %cmpi/e 0, 0, 2;
    %jmp/0xz  T_4.0, 4;
    %load/vec4 v0x55e2e09ef7e0_0;
    %pad/u 32;
    %cmpi/e 0, 0, 32;
    %jmp/0xz  T_4.2, 4;
    %pushi/vec4 11, 0, 4;
    %store/vec4 v0x55e2e09efd20_0, 0, 4;
    %pushi/vec4 1, 0, 1;
    %store/vec4 v0x55e2e09ef7e0_0, 0, 1;
    %jmp T_4.3;
T_4.2 ;
    %load/vec4 v0x55e2e0987bc0_0;
    %pad/u 32;
    %cmpi/e 0, 0, 32;
    %jmp/0xz  T_4.4, 4;
    %pushi/vec4 10, 0, 4;
    %store/vec4 v0x55e2e09efd20_0, 0, 4;
    %pushi/vec4 1, 0, 1;
    %store/vec4 v0x55e2e0987bc0_0, 0, 1;
    %jmp T_4.5;
T_4.4 ;
    %pushi/vec4 13, 0, 4;
    %store/vec4 v0x55e2e09efd20_0, 0, 4;
T_4.5 ;
T_4.3 ;
T_4.0 ;
    %load/vec4 v0x55e2e09efb80_0;
    %cmpi/e 1, 0, 2;
    %jmp/0xz  T_4.6, 4;
    %load/vec4 v0x55e2e0987bc0_0;
    %pad/u 32;
    %cmpi/e 0, 0, 32;
    %jmp/0xz  T_4.8, 4;
    %pushi/vec4 10, 0, 4;
    %store/vec4 v0x55e2e09efd20_0, 0, 4;
    %pushi/vec4 1, 0, 1;
    %store/vec4 v0x55e2e0987bc0_0, 0, 1;
    %jmp T_4.9;
T_4.8 ;
    %load/vec4 v0x55e2e09ef7e0_0;
    %pad/u 32;
    %cmpi/e 0, 0, 32;
    %jmp/0xz  T_4.10, 4;
    %pushi/vec4 11, 0, 4;
    %store/vec4 v0x55e2e09efd20_0, 0, 4;
    %pushi/vec4 1, 0, 1;
    %store/vec4 v0x55e2e09ef7e0_0, 0, 1;
    %jmp T_4.11;
T_4.10 ;
    %pushi/vec4 13, 0, 4;
    %store/vec4 v0x55e2e09efd20_0, 0, 4;
T_4.11 ;
T_4.9 ;
T_4.6 ;
    %load/vec4 v0x55e2e09efb80_0;
    %cmpi/e 2, 0, 2;
    %jmp/0xz  T_4.12, 4;
    %load/vec4 v0x55e2e09ef7e0_0;
    %pad/u 32;
    %cmpi/e 0, 0, 32;
    %jmp/0xz  T_4.14, 4;
    %pushi/vec4 11, 0, 4;
    %store/vec4 v0x55e2e09efd20_0, 0, 4;
    %pushi/vec4 1, 0, 1;
    %store/vec4 v0x55e2e09ef7e0_0, 0, 1;
    %jmp T_4.15;
T_4.14 ;
    %load/vec4 v0x55e2e0987bc0_0;
    %pad/u 32;
    %cmpi/e 0, 0, 32;
    %jmp/0xz  T_4.16, 4;
    %pushi/vec4 10, 0, 4;
    %store/vec4 v0x55e2e09efd20_0, 0, 4;
    %pushi/vec4 1, 0, 1;
    %store/vec4 v0x55e2e0987bc0_0, 0, 1;
    %jmp T_4.17;
T_4.16 ;
    %pushi/vec4 13, 0, 4;
    %store/vec4 v0x55e2e09efd20_0, 0, 4;
T_4.17 ;
T_4.15 ;
T_4.12 ;
    %load/vec4 v0x55e2e09efb80_0;
    %cmpi/e 3, 0, 2;
    %jmp/0xz  T_4.18, 4;
    %load/vec4 v0x55e2e0987bc0_0;
    %pad/u 32;
    %cmpi/e 0, 0, 32;
    %jmp/0xz  T_4.20, 4;
    %pushi/vec4 10, 0, 4;
    %store/vec4 v0x55e2e09efd20_0, 0, 4;
    %pushi/vec4 1, 0, 1;
    %store/vec4 v0x55e2e0987bc0_0, 0, 1;
    %jmp T_4.21;
T_4.20 ;
    %load/vec4 v0x55e2e09ef7e0_0;
    %pad/u 32;
    %cmpi/e 0, 0, 32;
    %jmp/0xz  T_4.22, 4;
    %pushi/vec4 11, 0, 4;
    %store/vec4 v0x55e2e09efd20_0, 0, 4;
    %pushi/vec4 1, 0, 1;
    %store/vec4 v0x55e2e09ef7e0_0, 0, 1;
    %jmp T_4.23;
T_4.22 ;
    %pushi/vec4 13, 0, 4;
    %store/vec4 v0x55e2e09efd20_0, 0, 4;
T_4.23 ;
T_4.21 ;
T_4.18 ;
    %jmp T_4;
    .thread T_4;
    .scope S_0x55e2e09c46b0;
T_5 ;
    %wait E_0x55e2e09c4f10;
    %load/vec4 v0x55e2e0987bc0_0;
    %pad/u 32;
    %cmpi/e 1, 0, 32;
    %jmp/0xz  T_5.0, 4;
    %load/vec4 v0x55e2e09ef970_0;
    %addi 1, 0, 32;
    %store/vec4 v0x55e2e09ef970_0, 0, 32;
T_5.0 ;
    %load/vec4 v0x55e2e09ef7e0_0;
    %pad/u 32;
    %cmpi/e 1, 0, 32;
    %jmp/0xz  T_5.2, 4;
    %load/vec4 v0x55e2e09efa50_0;
    %addi 1, 0, 32;
    %store/vec4 v0x55e2e09efa50_0, 0, 32;
T_5.2 ;
    %load/vec4 v0x55e2e09ef970_0;
    %cmpi/e 15, 0, 32;
    %jmp/0xz  T_5.4, 4;
    %pushi/vec4 0, 0, 1;
    %store/vec4 v0x55e2e0987bc0_0, 0, 1;
T_5.4 ;
    %load/vec4 v0x55e2e09efa50_0;
    %cmpi/e 15, 0, 32;
    %jmp/0xz  T_5.6, 4;
    %pushi/vec4 0, 0, 1;
    %store/vec4 v0x55e2e09ef7e0_0, 0, 1;
T_5.6 ;
    %jmp T_5;
    .thread T_5;
    .scope S_0x55e2e09c4530;
T_6 ;
    %vpi_call 2 11 "$dumpfile", "controller.vcd" {0 0 0};
    %vpi_call 2 12 "$dumpvars", 32'sb00000000000000000000000000000000, S_0x55e2e09c46b0 {0 0 0};
    %pushi/vec4 0, 0, 1;
    %store/vec4 v0x55e2e09efe80_0, 0, 1;
    %pushi/vec4 100, 0, 32;
T_6.0 %dup/vec4;
    %pushi/vec4 0, 0, 32;
    %cmp/s;
    %jmp/1xz T_6.1, 5;
    %jmp/1 T_6.1, 4;
    %pushi/vec4 1, 0, 32;
    %sub;
    %delay 10, 0;
    %load/vec4 v0x55e2e09efe80_0;
    %inv;
    %store/vec4 v0x55e2e09efe80_0, 0, 1;
    %jmp T_6.0;
T_6.1 ;
    %pop/vec4 1;
    %end;
    .thread T_6;
    .scope S_0x55e2e09c4530;
T_7 ;
    %pushi/vec4 1, 0, 1;
    %store/vec4 v0x55e2e09f0010_0, 0, 1;
    %pushi/vec4 0, 0, 2;
    %store/vec4 v0x55e2e09eff40_0, 0, 2;
    %delay 10, 0;
    %pushi/vec4 0, 0, 1;
    %store/vec4 v0x55e2e09f0010_0, 0, 1;
    %vpi_call 2 23 "$monitor", "Direction: %d Signal: %d", v0x55e2e09eff40_0, v0x55e2e09f0110_0 {0 0 0};
    %delay 100, 0;
    %pushi/vec4 1, 0, 1;
    %store/vec4 v0x55e2e09f0010_0, 0, 1;
    %pushi/vec4 0, 0, 2;
    %store/vec4 v0x55e2e09eff40_0, 0, 2;
    %delay 10, 0;
    %pushi/vec4 0, 0, 1;
    %store/vec4 v0x55e2e09f0010_0, 0, 1;
    %vpi_call 2 29 "$monitor", "Direction: %d Signal: %d", v0x55e2e09eff40_0, v0x55e2e09f0110_0 {0 0 0};
    %delay 100, 0;
    %pushi/vec4 1, 0, 1;
    %store/vec4 v0x55e2e09f0010_0, 0, 1;
    %pushi/vec4 0, 0, 2;
    %store/vec4 v0x55e2e09eff40_0, 0, 2;
    %delay 10, 0;
    %pushi/vec4 0, 0, 1;
    %store/vec4 v0x55e2e09f0010_0, 0, 1;
    %vpi_call 2 35 "$monitor", "Direction: %d Signal: %d", v0x55e2e09eff40_0, v0x55e2e09f0110_0 {0 0 0};
    %end;
    .thread T_7;
# The file index is used to find the file name in the following table.
:file_names 4;
    "N/A";
    "<interactive>";
    "tb_controller.v";
    "controller.v";
