#! /usr/bin/vvp
:ivl_version "10.1 (stable)";
:ivl_delay_selection "TYPICAL";
:vpi_time_precision - 11;
:vpi_module "system";
:vpi_module "vhdl_sys";
:vpi_module "v2005_math";
:vpi_module "va_math";
S_0x5575af177c40 .scope module, "tb_picker" "tb_picker" 2 2;
 .timescale -9 -11;
v0x5575af1a6760_0 .net "A", 0 0, v0x5575af13dbf0_0;  1 drivers
v0x5575af1a6820_0 .net "B", 0 0, v0x5575af1a5e30_0;  1 drivers
v0x5575af1a68f0_0 .var "clk", 0 0;
v0x5575af1a69f0_0 .var "d", 1 0;
v0x5575af1a6ac0_0 .var "en", 0 0;
v0x5575af1a6b60_0 .net "signal", 3 0, v0x5575af1a6580_0;  1 drivers
S_0x5575af177dc0 .scope module, "runway_pick" "runway_picker" 2 7, 3 1 0, S_0x5575af177c40;
 .timescale 0 0;
    .port_info 0 /INPUT 2 "d"
    .port_info 1 /OUTPUT 1 "A"
    .port_info 2 /OUTPUT 1 "B"
    .port_info 3 /INPUT 1 "clk"
    .port_info 4 /INPUT 1 "E"
    .port_info 5 /OUTPUT 4 "signal"
v0x5575af13dbf0_0 .var "A", 0 0;
v0x5575af1a5e30_0 .var "B", 0 0;
v0x5575af1a5ef0_0 .net "E", 0 0, v0x5575af1a6ac0_0;  1 drivers
v0x5575af1a5fc0_0 .var "a", 0 0;
v0x5575af1a6080_0 .var "b", 0 0;
v0x5575af1a6190_0 .net "clk", 0 0, v0x5575af1a68f0_0;  1 drivers
v0x5575af1a6250_0 .var/i "counta", 31 0;
v0x5575af1a6330_0 .var/i "countb", 31 0;
v0x5575af1a6410_0 .net "d", 1 0, v0x5575af1a69f0_0;  1 drivers
v0x5575af1a6580_0 .var "signal", 3 0;
E_0x5575af178200/0 .event edge, v0x5575af1a5fc0_0;
E_0x5575af178200/1 .event posedge, v0x5575af1a6190_0;
E_0x5575af178200 .event/or E_0x5575af178200/0, E_0x5575af178200/1;
E_0x5575af178470/0 .event edge, v0x5575af1a6080_0;
E_0x5575af178470/1 .event posedge, v0x5575af1a6190_0;
E_0x5575af178470 .event/or E_0x5575af178470/0, E_0x5575af178470/1;
E_0x5575af1780d0 .event negedge, v0x5575af1a5ef0_0;
    .scope S_0x5575af177dc0;
T_0 ;
    %pushi/vec4 0, 0, 32;
    %store/vec4 v0x5575af1a6250_0, 0, 32;
    %end;
    .thread T_0;
    .scope S_0x5575af177dc0;
T_1 ;
    %pushi/vec4 0, 0, 32;
    %store/vec4 v0x5575af1a6330_0, 0, 32;
    %end;
    .thread T_1;
    .scope S_0x5575af177dc0;
T_2 ;
    %wait E_0x5575af1780d0;
    %load/vec4 v0x5575af13dbf0_0;
    %cassign/vec4 v0x5575af1a5fc0_0;
    %cassign/link v0x5575af1a5fc0_0, v0x5575af13dbf0_0;
    %load/vec4 v0x5575af1a5e30_0;
    %cassign/vec4 v0x5575af1a6080_0;
    %cassign/link v0x5575af1a6080_0, v0x5575af1a5e30_0;
    %pushi/vec4 1, 0, 1;
    %ix/load 4, 3, 0;
    %flag_set/imm 4, 0;
    %cassign/vec4/off v0x5575af1a6580_0, 4;
    %load/vec4 v0x5575af1a5fc0_0;
    %load/vec4 v0x5575af1a6080_0;
    %and;
    %ix/load 4, 2, 0;
    %flag_set/imm 4, 0;
    %cassign/vec4/off v0x5575af1a6580_0, 4;
    %load/vec4 v0x5575af1a6580_0;
    %parti/s 1, 2, 3;
    %inv;
    %ix/load 4, 1, 0;
    %flag_set/imm 4, 0;
    %cassign/vec4/off v0x5575af1a6580_0, 4;
    %load/vec4 v0x5575af1a5fc0_0;
    %load/vec4 v0x5575af1a6080_0;
    %inv;
    %load/vec4 v0x5575af1a6410_0;
    %parti/s 1, 1, 2;
    %inv;
    %and;
    %or;
    %ix/load 4, 0, 0;
    %flag_set/imm 4, 0;
    %cassign/vec4/off v0x5575af1a6580_0, 4;
    %jmp T_2;
    .thread T_2;
    .scope S_0x5575af177dc0;
T_3 ;
    %wait E_0x5575af178470;
    %load/vec4 v0x5575af1a6580_0;
    %cmpi/e 11, 0, 4;
    %flag_mov 8, 4;
    %jmp/0 T_3.0, 8;
    %load/vec4 v0x5575af1a6330_0;
    %addi 1, 0, 32;
    %jmp/1 T_3.1, 8;
T_3.0 ; End of true expr.
    %load/vec4 v0x5575af1a6330_0;
    %addi 1, 0, 32;
    %jmp/0 T_3.1, 8;
 ; End of false expr.
    %blend;
T_3.1;
    %cassign/vec4 v0x5575af1a6330_0;
    %pushi/vec4 2, 0, 32;
    %load/vec4 v0x5575af1a6330_0;
    %cmp/s;
    %flag_mov 8, 5;
    %jmp/0 T_3.2, 8;
    %pushi/vec4 1, 0, 2;
    %jmp/1 T_3.3, 8;
T_3.2 ; End of true expr.
    %pushi/vec4 0, 0, 2;
    %jmp/0 T_3.3, 8;
 ; End of false expr.
    %blend;
T_3.3;
    %pad/s 1;
    %cassign/vec4 v0x5575af1a5e30_0;
    %load/vec4 v0x5575af1a6330_0;
    %cmpi/e 15, 0, 32;
    %flag_mov 8, 4;
    %jmp/0 T_3.4, 8;
    %pushi/vec4 0, 0, 32;
    %jmp/1 T_3.5, 8;
T_3.4 ; End of true expr.
    %load/vec4 v0x5575af1a6330_0;
    %jmp/0 T_3.5, 8;
 ; End of false expr.
    %blend;
T_3.5;
    %cassign/vec4 v0x5575af1a6330_0;
    %jmp T_3;
    .thread T_3;
    .scope S_0x5575af177dc0;
T_4 ;
    %wait E_0x5575af178200;
    %load/vec4 v0x5575af1a6580_0;
    %cmpi/e 10, 0, 4;
    %flag_mov 8, 4;
    %jmp/0 T_4.0, 8;
    %load/vec4 v0x5575af1a6250_0;
    %addi 1, 0, 32;
    %jmp/1 T_4.1, 8;
T_4.0 ; End of true expr.
    %load/vec4 v0x5575af1a6250_0;
    %addi 1, 0, 32;
    %jmp/0 T_4.1, 8;
 ; End of false expr.
    %blend;
T_4.1;
    %cassign/vec4 v0x5575af1a6250_0;
    %load/vec4 v0x5575af1a6250_0;
    %cmpi/s 15, 0, 32;
    %flag_mov 8, 5;
    %jmp/0 T_4.2, 8;
    %pushi/vec4 1, 0, 2;
    %jmp/1 T_4.3, 8;
T_4.2 ; End of true expr.
    %pushi/vec4 0, 0, 2;
    %jmp/0 T_4.3, 8;
 ; End of false expr.
    %blend;
T_4.3;
    %pad/s 1;
    %cassign/vec4 v0x5575af13dbf0_0;
    %load/vec4 v0x5575af1a6250_0;
    %cmpi/e 15, 0, 32;
    %flag_mov 8, 4;
    %jmp/0 T_4.4, 8;
    %pushi/vec4 0, 0, 32;
    %jmp/1 T_4.5, 8;
T_4.4 ; End of true expr.
    %load/vec4 v0x5575af1a6250_0;
    %jmp/0 T_4.5, 8;
 ; End of false expr.
    %blend;
T_4.5;
    %cassign/vec4 v0x5575af1a6250_0;
    %jmp T_4;
    .thread T_4;
    .scope S_0x5575af177c40;
T_5 ;
    %pushi/vec4 0, 0, 1;
    %store/vec4 v0x5575af1a68f0_0, 0, 1;
    %pushi/vec4 100, 0, 32;
T_5.0 %dup/vec4;
    %pushi/vec4 0, 0, 32;
    %cmp/s;
    %jmp/1xz T_5.1, 5;
    %jmp/1 T_5.1, 4;
    %pushi/vec4 1, 0, 32;
    %sub;
    %delay 1000, 0;
    %load/vec4 v0x5575af1a68f0_0;
    %inv;
    %store/vec4 v0x5575af1a68f0_0, 0, 1;
    %jmp T_5.0;
T_5.1 ;
    %pop/vec4 1;
    %end;
    .thread T_5;
    .scope S_0x5575af177c40;
T_6 ;
    %vpi_call 2 16 "$dumpfile", "output.vcd" {0 0 0};
    %vpi_call 2 17 "$dumpvars", 32'sb00000000000000000000000000000000, S_0x5575af177dc0 {0 0 0};
    %pushi/vec4 1, 0, 1;
    %store/vec4 v0x5575af1a6ac0_0, 0, 1;
    %pushi/vec4 0, 0, 2;
    %store/vec4 v0x5575af1a69f0_0, 0, 2;
    %delay 1000, 0;
    %pushi/vec4 0, 0, 1;
    %store/vec4 v0x5575af1a6ac0_0, 0, 1;
    %vpi_call 2 24 "$monitor", "Direction: %d Signal: %d", v0x5575af1a69f0_0, v0x5575af1a6b60_0 {0 0 0};
    %delay 10000, 0;
    %pushi/vec4 1, 0, 1;
    %store/vec4 v0x5575af1a6ac0_0, 0, 1;
    %pushi/vec4 0, 0, 2;
    %store/vec4 v0x5575af1a69f0_0, 0, 2;
    %delay 1000, 0;
    %pushi/vec4 0, 0, 1;
    %store/vec4 v0x5575af1a6ac0_0, 0, 1;
    %vpi_call 2 30 "$monitor", "Direction: %d Signal: %d", v0x5575af1a69f0_0, v0x5575af1a6b60_0 {0 0 0};
    %delay 10000, 0;
    %pushi/vec4 1, 0, 1;
    %store/vec4 v0x5575af1a6ac0_0, 0, 1;
    %pushi/vec4 0, 0, 2;
    %store/vec4 v0x5575af1a69f0_0, 0, 2;
    %delay 1000, 0;
    %pushi/vec4 0, 0, 1;
    %store/vec4 v0x5575af1a6ac0_0, 0, 1;
    %vpi_call 2 36 "$monitor", "Direction: %d Signal: %d", v0x5575af1a69f0_0, v0x5575af1a6b60_0 {0 0 0};
    %delay 2000, 0;
    %pushi/vec4 1, 0, 1;
    %store/vec4 v0x5575af1a6ac0_0, 0, 1;
    %pushi/vec4 0, 0, 2;
    %store/vec4 v0x5575af1a69f0_0, 0, 2;
    %delay 1000, 0;
    %pushi/vec4 0, 0, 1;
    %store/vec4 v0x5575af1a6ac0_0, 0, 1;
    %vpi_call 2 42 "$monitor", "Direction: %d Signal: %d", v0x5575af1a69f0_0, v0x5575af1a6b60_0 {0 0 0};
    %delay 2000, 0;
    %pushi/vec4 1, 0, 1;
    %store/vec4 v0x5575af1a6ac0_0, 0, 1;
    %pushi/vec4 0, 0, 2;
    %store/vec4 v0x5575af1a69f0_0, 0, 2;
    %delay 1000, 0;
    %pushi/vec4 0, 0, 1;
    %store/vec4 v0x5575af1a6ac0_0, 0, 1;
    %vpi_call 2 48 "$monitor", "Direction: %d Signal: %d", v0x5575af1a69f0_0, v0x5575af1a6b60_0 {0 0 0};
    %delay 2000, 0;
    %pushi/vec4 1, 0, 1;
    %store/vec4 v0x5575af1a6ac0_0, 0, 1;
    %pushi/vec4 0, 0, 2;
    %store/vec4 v0x5575af1a69f0_0, 0, 2;
    %delay 1000, 0;
    %pushi/vec4 0, 0, 1;
    %store/vec4 v0x5575af1a6ac0_0, 0, 1;
    %vpi_call 2 54 "$monitor", "Direction: %d Signal: %d", v0x5575af1a69f0_0, v0x5575af1a6b60_0 {0 0 0};
    %end;
    .thread T_6;
# The file index is used to find the file name in the following table.
:file_names 4;
    "N/A";
    "<interactive>";
    "testbench.v";
    "runway_picker.v";
